[debug] [2019-02-07T13:43:44.719Z] ----------------------------------------------------------------------
[debug] [2019-02-07T13:43:44.721Z] Command:       /home/haavard/.nvm/versions/node/v6.16.0/bin/node /home/haavard/Documents/NTNU/2019/IT2901/backend/node_modules/.bin/firebase deploy --only functions
[debug] [2019-02-07T13:43:44.721Z] CLI Version:   6.3.1
[debug] [2019-02-07T13:43:44.721Z] Platform:      linux
[debug] [2019-02-07T13:43:44.721Z] Node Version:  v6.16.0
[debug] [2019-02-07T13:43:44.721Z] Time:          Thu Feb 07 2019 14:43:44 GMT+0100 (CET)
[debug] [2019-02-07T13:43:44.721Z] ----------------------------------------------------------------------
[debug] 
[debug] [2019-02-07T13:43:44.729Z] > command requires scopes: ["email","openid","https://www.googleapis.com/auth/cloudplatformprojects.readonly","https://www.googleapis.com/auth/firebase","https://www.googleapis.com/auth/cloud-platform"]
[debug] [2019-02-07T13:43:44.729Z] > authorizing via signed-in user
[debug] [2019-02-07T13:43:44.729Z] [iam] checking project ecatch-kyst for permissions ["cloudfunctions.functions.create","cloudfunctions.functions.delete","cloudfunctions.functions.get","cloudfunctions.functions.list","cloudfunctions.functions.update","cloudfunctions.operations.get","firebase.projects.get"]
[debug] [2019-02-07T13:43:44.731Z] >>> HTTP REQUEST POST https://cloudresourcemanager.googleapis.com/v1/projects/ecatch-kyst:testIamPermissions  

[debug] [2019-02-07T13:43:45.789Z] <<< HTTP RESPONSE 200
[info] 
[info] === Deploying to 'ecatch-kyst'...
[info] 
[info] i  deploying functions
[info] Running command: yarn lint
[info] ✔  functions: Finished running predeploy script.
[debug] [2019-02-07T13:43:49.353Z] > [functions] package.json contents: {
  "name": "functions",
  "description": "Cloud Functions for Firebase",
  "scripts": {
    "deploy:db": "cd .. yarn build:db:rules; cd functions; firebase deploy --only database",
    "deploy:fs": "firebase deploy --only firestore",
    "logs": "firebase functions:log",
    "clean": "rm index.js; rm -rf lib",
    "serve": "firebase serve --only functions",
    "start": "firebase functions:shell -p 5002",
    "get:indexes": "firebase firestore:indexes > ../rules/firestore.indexes.json",
    "deploy:functions": "cd ..;yarn build;cd functions;firebase deploy --only functions",
    "deploy:storage": "firebase deploy --only storage",
    "deploy": "cd ..;yarn build:db:rules;yarn build;cd functions;firebase deploy --except hosting",
    "lint": "cd ..; yarn lint"
  },
  "dependencies": {
    "axios": "^0.18.0",
    "date-fns": "^2.0.0-alpha.27",
    "firebase-admin": "~7.0.0",
    "firebase-functions": "^2.1.0"
  },
  "devDependencies": {
    "firebase-bolt": "^0.8.4"
  },
  "private": true,
  "engines": {
    "node": "6"
  }
}
[info] i  functions: ensuring necessary APIs are enabled...
[debug] [2019-02-07T13:43:49.354Z] >>> HTTP REQUEST GET https://servicemanagement.googleapis.com/v1/services/cloudfunctions.googleapis.com/projectSettings/ecatch-kyst?view=CONSUMER_VIEW  
 
[debug] [2019-02-07T13:43:49.355Z] >>> HTTP REQUEST GET https://servicemanagement.googleapis.com/v1/services/runtimeconfig.googleapis.com/projectSettings/ecatch-kyst?view=CONSUMER_VIEW  
 
[debug] [2019-02-07T13:43:50.798Z] <<< HTTP RESPONSE 200
[debug] [2019-02-07T13:43:50.832Z] <<< HTTP RESPONSE 200
[info] ✔  functions: all necessary APIs are enabled
[debug] [2019-02-07T13:43:50.834Z] >>> HTTP REQUEST GET https://cloudresourcemanager.googleapis.com/v1/projects/ecatch-kyst  
 
[debug] [2019-02-07T13:43:51.748Z] <<< HTTP RESPONSE 200
[debug] [2019-02-07T13:43:51.750Z] >>> HTTP REQUEST GET https://mobilesdk-pa.googleapis.com/v1/projects/1037945604073:getServerAppConfig  
 
[debug] [2019-02-07T13:43:52.228Z] <<< HTTP RESPONSE 200
[info] i  functions: preparing functions directory for uploading...
[debug] [2019-02-07T13:43:52.234Z] >>> HTTP REQUEST GET https://runtimeconfig.googleapis.com/v1beta1/projects/ecatch-kyst/configs  
 
[debug] [2019-02-07T13:43:53.663Z] <<< HTTP RESPONSE 200
[info] i  functions: packaged functions (49.2 KB) for uploading
[debug] [2019-02-07T13:43:54.422Z] >>> HTTP REQUEST POST https://cloudfunctions.googleapis.com/v1/projects/ecatch-kyst/locations/us-central1/functions:generateUploadUrl  
 
[debug] [2019-02-07T13:43:55.009Z] <<< HTTP RESPONSE 200
[debug] [2019-02-07T13:43:55.011Z] >>> HTTP REQUEST PUT https://storage.googleapis.com/gcf-upload-us-central1-040b57cc-aac0-47f9-a7ea-820d3d57ea64/c9758abb-b4b4-4992-a975-72063cdbd4af.zip?GoogleAccessId=service-1037945604073@gcf-admin-robot.iam.gserviceaccount.com&Expires=1549548834&Signature=jrapzTF4mZpZlWTPCAt%2BwMYpp%2F%2FrJlr6j2HYkV7Q4tJjaFQfF%2BagZqU4YJZY2Q57uVI8XXJ7OFdB4mJnxHyTn4hGfVSvm0x0b%2F4cJiFvTWj9wARBz17ERe2uDS125OZKjWFyDeHt0KFa7bV1Lja4FWAKxbTvdQx733cSsG%2FvfmT2HOb5ayzLw41%2FUB%2Fr0%2BRJU7aTD1pwulVNf7M7Tk10fq%2FKTADOU%2Bkh3SgWwEWplyKoXQRYaPBaUxI6pzIfm2x8rIHLSVWvQisAtgyQfJ%2FpiurjtZLN53yqHmBR8B%2BxI0LJtZcN1fkA7%2FvamkQngJQK5byiV5R7npk9Cb5%2Fzw4wsg%3D%3D  

[debug] [2019-02-07T13:43:55.812Z] <<< HTTP RESPONSE 200
[info] ✔  functions: functions folder uploaded successfully
[debug] [2019-02-07T13:43:55.820Z] >>> HTTP REQUEST GET https://cloudfunctions.googleapis.com/v1/projects/ecatch-kyst/locations/-/functions  
 
[debug] [2019-02-07T13:43:56.487Z] <<< HTTP RESPONSE 200
[info] i  functions: updating Node.js 6 function userCreated(us-central1)...
[debug] [2019-02-07T13:43:56.494Z] Trigger is:  {"eventTrigger":{"resource":"projects/ecatch-kyst","eventType":"providers/firebase.auth/eventTypes/user.create","service":"firebaseauth.googleapis.com"}}
[info] i  functions: updating Node.js 6 function userDeleted(us-central1)...
[debug] [2019-02-07T13:43:56.495Z] Trigger is:  {"eventTrigger":{"resource":"projects/ecatch-kyst","eventType":"providers/firebase.auth/eventTypes/user.delete","service":"firebaseauth.googleapis.com"}}
[info] i  functions: updating Node.js 6 function messageCreated(us-central1)...
[debug] [2019-02-07T13:43:56.497Z] Trigger is:  {"eventTrigger":{"resource":"projects/ecatch-kyst/databases/(default)/documents/messages/{messageId}","eventType":"providers/cloud.firestore/eventTypes/document.create","service":"firestore.googleapis.com"}}
[info] i  functions: updating Node.js 6 function getMessages(us-central1)...
[debug] [2019-02-07T13:43:56.498Z] Trigger is:  {"httpsTrigger":{}}
[debug] [2019-02-07T13:43:56.507Z] >>> HTTP REQUEST PATCH https://cloudfunctions.googleapis.com/v1/projects/ecatch-kyst/locations/us-central1/functions/userCreated {"updateMask":"sourceUploadUrl,name,labels,runtime,eventTrigger.resource,eventTrigger.eventType,eventTrigger.service"} 

[debug] [2019-02-07T13:43:56.512Z] >>> HTTP REQUEST PATCH https://cloudfunctions.googleapis.com/v1/projects/ecatch-kyst/locations/us-central1/functions/userDeleted {"updateMask":"sourceUploadUrl,name,labels,runtime,eventTrigger.resource,eventTrigger.eventType,eventTrigger.service"} 

[debug] [2019-02-07T13:43:56.519Z] >>> HTTP REQUEST PATCH https://cloudfunctions.googleapis.com/v1/projects/ecatch-kyst/locations/us-central1/functions/messageCreated {"updateMask":"sourceUploadUrl,name,labels,runtime,eventTrigger.resource,eventTrigger.eventType,eventTrigger.service"} 

[debug] [2019-02-07T13:43:56.521Z] >>> HTTP REQUEST PATCH https://cloudfunctions.googleapis.com/v1/projects/ecatch-kyst/locations/us-central1/functions/getMessages {"updateMask":"sourceUploadUrl,name,labels,runtime,httpsTrigger"} 

[debug] [2019-02-07T13:43:56.940Z] <<< HTTP RESPONSE 200
[debug] [2019-02-07T13:43:56.943Z] <<< HTTP RESPONSE 200
[debug] [2019-02-07T13:43:57.144Z] <<< HTTP RESPONSE 200
[debug] [2019-02-07T13:43:57.145Z] <<< HTTP RESPONSE 200
[debug] [2019-02-07T13:43:57.148Z] >>> HTTP REQUEST GET https://cloudfunctions.googleapis.com/v1/projects/ecatch-kyst/locations/-/functions  
 
[debug] [2019-02-07T13:43:57.783Z] <<< HTTP RESPONSE 200
[debug] [2019-02-07T13:43:57.798Z] >>> HTTP REQUEST GET https://cloudfunctions.googleapis.com/v1/operations/ZWNhdGNoLWt5c3QvdXMtY2VudHJhbDEvdXNlckNyZWF0ZWQvNzhaSEhtQWRBNnM  
 
[debug] [2019-02-07T13:43:57.799Z] >>> HTTP REQUEST GET https://cloudfunctions.googleapis.com/v1/operations/ZWNhdGNoLWt5c3QvdXMtY2VudHJhbDEvdXNlckRlbGV0ZWQvX3RTQVMwVDUzZkk  
 
[debug] [2019-02-07T13:43:57.801Z] >>> HTTP REQUEST GET https://cloudfunctions.googleapis.com/v1/operations/ZWNhdGNoLWt5c3QvdXMtY2VudHJhbDEvbWVzc2FnZUNyZWF0ZWQvaVd6OVRnUmN1MlE  
 
[debug] [2019-02-07T13:43:57.802Z] >>> HTTP REQUEST GET https://cloudfunctions.googleapis.com/v1/operations/ZWNhdGNoLWt5c3QvdXMtY2VudHJhbDEvZ2V0TWVzc2FnZXMvMzZnVlJ4NmY5MVU  
 
[debug] [2019-02-07T13:43:58.074Z] <<< HTTP RESPONSE 200
[debug] [2019-02-07T13:43:58.078Z] <<< HTTP RESPONSE 200
[debug] [2019-02-07T13:43:58.088Z] <<< HTTP RESPONSE 200
[debug] [2019-02-07T13:43:58.114Z] <<< HTTP RESPONSE 200
[debug] [2019-02-07T13:44:00.080Z] >>> HTTP REQUEST GET https://cloudfunctions.googleapis.com/v1/operations/ZWNhdGNoLWt5c3QvdXMtY2VudHJhbDEvbWVzc2FnZUNyZWF0ZWQvaVd6OVRnUmN1MlE  
 
[debug] [2019-02-07T13:44:00.081Z] >>> HTTP REQUEST GET https://cloudfunctions.googleapis.com/v1/operations/ZWNhdGNoLWt5c3QvdXMtY2VudHJhbDEvdXNlckRlbGV0ZWQvX3RTQVMwVDUzZkk  
 
[debug] [2019-02-07T13:44:00.091Z] >>> HTTP REQUEST GET https://cloudfunctions.googleapis.com/v1/operations/ZWNhdGNoLWt5c3QvdXMtY2VudHJhbDEvZ2V0TWVzc2FnZXMvMzZnVlJ4NmY5MVU  
 
[debug] [2019-02-07T13:44:00.117Z] >>> HTTP REQUEST GET https://cloudfunctions.googleapis.com/v1/operations/ZWNhdGNoLWt5c3QvdXMtY2VudHJhbDEvdXNlckNyZWF0ZWQvNzhaSEhtQWRBNnM  
 
[debug] [2019-02-07T13:44:00.348Z] <<< HTTP RESPONSE 200
[debug] [2019-02-07T13:44:00.625Z] <<< HTTP RESPONSE 200
[debug] [2019-02-07T13:44:00.626Z] <<< HTTP RESPONSE 200
[debug] [2019-02-07T13:44:00.628Z] <<< HTTP RESPONSE 200
[debug] [2019-02-07T13:44:02.350Z] >>> HTTP REQUEST GET https://cloudfunctions.googleapis.com/v1/operations/ZWNhdGNoLWt5c3QvdXMtY2VudHJhbDEvbWVzc2FnZUNyZWF0ZWQvaVd6OVRnUmN1MlE  
 
[debug] [2019-02-07T13:44:02.626Z] >>> HTTP REQUEST GET https://cloudfunctions.googleapis.com/v1/operations/ZWNhdGNoLWt5c3QvdXMtY2VudHJhbDEvdXNlckRlbGV0ZWQvX3RTQVMwVDUzZkk  
 
[debug] [2019-02-07T13:44:02.628Z] >>> HTTP REQUEST GET https://cloudfunctions.googleapis.com/v1/operations/ZWNhdGNoLWt5c3QvdXMtY2VudHJhbDEvZ2V0TWVzc2FnZXMvMzZnVlJ4NmY5MVU  
 
[debug] [2019-02-07T13:44:02.629Z] >>> HTTP REQUEST GET https://cloudfunctions.googleapis.com/v1/operations/ZWNhdGNoLWt5c3QvdXMtY2VudHJhbDEvdXNlckNyZWF0ZWQvNzhaSEhtQWRBNnM  
 
[debug] [2019-02-07T13:44:02.655Z] <<< HTTP RESPONSE 200
[debug] [2019-02-07T13:44:02.888Z] <<< HTTP RESPONSE 200
[debug] [2019-02-07T13:44:02.901Z] <<< HTTP RESPONSE 200
[debug] [2019-02-07T13:44:03.185Z] <<< HTTP RESPONSE 200
[debug] [2019-02-07T13:44:04.658Z] >>> HTTP REQUEST GET https://cloudfunctions.googleapis.com/v1/operations/ZWNhdGNoLWt5c3QvdXMtY2VudHJhbDEvbWVzc2FnZUNyZWF0ZWQvaVd6OVRnUmN1MlE  
 
[debug] [2019-02-07T13:44:04.890Z] >>> HTTP REQUEST GET https://cloudfunctions.googleapis.com/v1/operations/ZWNhdGNoLWt5c3QvdXMtY2VudHJhbDEvdXNlckNyZWF0ZWQvNzhaSEhtQWRBNnM  
 
[debug] [2019-02-07T13:44:04.902Z] >>> HTTP REQUEST GET https://cloudfunctions.googleapis.com/v1/operations/ZWNhdGNoLWt5c3QvdXMtY2VudHJhbDEvZ2V0TWVzc2FnZXMvMzZnVlJ4NmY5MVU  
 
[debug] [2019-02-07T13:44:04.906Z] <<< HTTP RESPONSE 200
[debug] [2019-02-07T13:44:05.187Z] >>> HTTP REQUEST GET https://cloudfunctions.googleapis.com/v1/operations/ZWNhdGNoLWt5c3QvdXMtY2VudHJhbDEvdXNlckRlbGV0ZWQvX3RTQVMwVDUzZkk  
 
[debug] [2019-02-07T13:44:05.336Z] <<< HTTP RESPONSE 200
[debug] [2019-02-07T13:44:05.352Z] <<< HTTP RESPONSE 200
[debug] [2019-02-07T13:44:05.456Z] <<< HTTP RESPONSE 200
[debug] [2019-02-07T13:44:06.910Z] >>> HTTP REQUEST GET https://cloudfunctions.googleapis.com/v1/operations/ZWNhdGNoLWt5c3QvdXMtY2VudHJhbDEvbWVzc2FnZUNyZWF0ZWQvaVd6OVRnUmN1MlE  
 
[debug] [2019-02-07T13:44:07.344Z] >>> HTTP REQUEST GET https://cloudfunctions.googleapis.com/v1/operations/ZWNhdGNoLWt5c3QvdXMtY2VudHJhbDEvdXNlckNyZWF0ZWQvNzhaSEhtQWRBNnM  
 
[debug] [2019-02-07T13:44:07.353Z] >>> HTTP REQUEST GET https://cloudfunctions.googleapis.com/v1/operations/ZWNhdGNoLWt5c3QvdXMtY2VudHJhbDEvZ2V0TWVzc2FnZXMvMzZnVlJ4NmY5MVU  
 
[debug] [2019-02-07T13:44:07.419Z] <<< HTTP RESPONSE 200
[debug] [2019-02-07T13:44:07.457Z] >>> HTTP REQUEST GET https://cloudfunctions.googleapis.com/v1/operations/ZWNhdGNoLWt5c3QvdXMtY2VudHJhbDEvdXNlckRlbGV0ZWQvX3RTQVMwVDUzZkk  
 
[debug] [2019-02-07T13:44:07.793Z] <<< HTTP RESPONSE 200
[debug] [2019-02-07T13:44:07.848Z] <<< HTTP RESPONSE 200
[debug] [2019-02-07T13:44:07.858Z] <<< HTTP RESPONSE 200
[debug] [2019-02-07T13:44:09.422Z] >>> HTTP REQUEST GET https://cloudfunctions.googleapis.com/v1/operations/ZWNhdGNoLWt5c3QvdXMtY2VudHJhbDEvbWVzc2FnZUNyZWF0ZWQvaVd6OVRnUmN1MlE  
 
[debug] [2019-02-07T13:44:09.683Z] <<< HTTP RESPONSE 200
[debug] [2019-02-07T13:44:09.795Z] >>> HTTP REQUEST GET https://cloudfunctions.googleapis.com/v1/operations/ZWNhdGNoLWt5c3QvdXMtY2VudHJhbDEvdXNlckRlbGV0ZWQvX3RTQVMwVDUzZkk  
 
[debug] [2019-02-07T13:44:09.851Z] >>> HTTP REQUEST GET https://cloudfunctions.googleapis.com/v1/operations/ZWNhdGNoLWt5c3QvdXMtY2VudHJhbDEvZ2V0TWVzc2FnZXMvMzZnVlJ4NmY5MVU  
 
[debug] [2019-02-07T13:44:09.859Z] >>> HTTP REQUEST GET https://cloudfunctions.googleapis.com/v1/operations/ZWNhdGNoLWt5c3QvdXMtY2VudHJhbDEvdXNlckNyZWF0ZWQvNzhaSEhtQWRBNnM  
 
[debug] [2019-02-07T13:44:10.112Z] <<< HTTP RESPONSE 200
[debug] [2019-02-07T13:44:10.133Z] <<< HTTP RESPONSE 200
[debug] [2019-02-07T13:44:10.254Z] <<< HTTP RESPONSE 200
